# JRE version: Java(TM) SE Runtime Environment (7.0_45-b18) (build 1.7.0_45-b18)
# Java VM: Java HotSpot(TM) Server VM (24.45-b08 mixed mode linux-x86 )
Heap
 PSYoungGen      total 34048K, used 11755K [0xa9cc0000, 0xaf0c0000, 0xb44c0000)
  eden space 32768K, 35% used [0xa9cc0000,0xaa83ac10,0xabcc0000)
  from space 1280K, 0% used [0xabcc0000,0xabcc0000,0xabe00000)
  to   space 10240K, 0% used [0xae6c0000,0xae6c0000,0xaf0c0000)
 ParOldGen       total 38144K, used 17127K [0x94cc0000, 0x97200000, 0xa9cc0000)
  object space 38144K, 44% used [0x94cc0000,0x95d79ef0,0x97200000)
 PSPermGen       total 36608K, used 18677K [0x90cc0000, 0x93080000, 0x94cc0000)
  object space 36608K, 51% used [0x90cc0000,0x91efd6d0,0x93080000)
GC Heap History (10 events):
Event: 0.992 GC heap before
{Heap before GC invocations=2 (full 0):
 PSYoungGen      total 9472K, used 8936K [0xa9cc0000, 0xaaf40000, 0xb44c0000)
  eden space 8192K, 100% used [0xa9cc0000,0xaa4c0000,0xaa4c0000)
  from space 1280K, 58% used [0xaa4c0000,0xaa57a070,0xaa600000)
  to   space 1280K, 0% used [0xaae00000,0xaae00000,0xaaf40000)
 ParOldGen       total 21504K, used 4K [0x94cc0000, 0x961c0000, 0xa9cc0000)
  object space 21504K, 0% used [0x94cc0000,0x94cc1000,0x961c0000)
 PSPermGen       total 16384K, used 5768K [0x90cc0000, 0x91cc0000, 0x94cc0000)
  object space 16384K, 35% used [0x90cc0000,0x91262180,0x91cc0000)
Event: 1.003 GC heap after
Heap after GC invocations=2 (full 0):
 PSYoungGen      total 17664K, used 1272K [0xa9cc0000, 0xaaf40000, 0xb44c0000)
  eden space 16384K, 0% used [0xa9cc0000,0xa9cc0000,0xaacc0000)
  from space 1280K, 99% used [0xaae00000,0xaaf3e030,0xaaf40000)
  to   space 1280K, 0% used [0xaacc0000,0xaacc0000,0xaae00000)
 ParOldGen       total 21504K, used 636K [0x94cc0000, 0x961c0000, 0xa9cc0000)
  object space 21504K, 2% used [0x94cc0000,0x94d5f060,0x961c0000)
 PSPermGen       total 16384K, used 5768K [0x90cc0000, 0x91cc0000, 0x94cc0000)
  object space 16384K, 35% used [0x90cc0000,0x91262180,0x91cc0000)
}
Event: 4.124 GC heap before
{Heap before GC invocations=3 (full 0):
 PSYoungGen      total 17664K, used 17656K [0xa9cc0000, 0xaaf40000, 0xb44c0000)
  eden space 16384K, 100% used [0xa9cc0000,0xaacc0000,0xaacc0000)
  from space 1280K, 99% used [0xaae00000,0xaaf3e030,0xaaf40000)
  to   space 1280K, 0% used [0xaacc0000,0xaacc0000,0xaae00000)
 ParOldGen       total 21504K, used 636K [0x94cc0000, 0x961c0000, 0xa9cc0000)
  object space 21504K, 2% used [0x94cc0000,0x94d5f060,0x961c0000)
 PSPermGen       total 16384K, used 10114K [0x90cc0000, 0x91cc0000, 0x94cc0000)
  object space 16384K, 61% used [0x90cc0000,0x916a09b8,0x91cc0000)
Event: 4.133 GC heap after
Heap after GC invocations=3 (full 0):
 PSYoungGen      total 17664K, used 1265K [0xa9cc0000, 0xabf40000, 0xb44c0000)
  eden space 16384K, 0% used [0xa9cc0000,0xa9cc0000,0xaacc0000)
  from space 1280K, 98% used [0xaacc0000,0xaadfc4f8,0xaae00000)
  to   space 1280K, 0% used [0xabe00000,0xabe00000,0xabf40000)
 ParOldGen       total 21504K, used 3137K [0x94cc0000, 0x961c0000, 0xa9cc0000)
  object space 21504K, 14% used [0x94cc0000,0x94fd06b0,0x961c0000)
 PSPermGen       total 16384K, used 10114K [0x90cc0000, 0x91cc0000, 0x94cc0000)
  object space 16384K, 61% used [0x90cc0000,0x916a09b8,0x91cc0000)
}
Event: 7.843 GC heap before
{Heap before GC invocations=4 (full 0):
 PSYoungGen      total 17664K, used 17649K [0xa9cc0000, 0xabf40000, 0xb44c0000)
  eden space 16384K, 100% used [0xa9cc0000,0xaacc0000,0xaacc0000)
  from space 1280K, 98% used [0xaacc0000,0xaadfc4f8,0xaae00000)
  to   space 1280K, 0% used [0xabe00000,0xabe00000,0xabf40000)
 ParOldGen       total 21504K, used 3137K [0x94cc0000, 0x961c0000, 0xa9cc0000)
  object space 21504K, 14% used [0x94cc0000,0x94fd06b0,0x961c0000)
 PSPermGen       total 16384K, used 11460K [0x90cc0000, 0x91cc0000, 0x94cc0000)
  object space 16384K, 69% used [0x90cc0000,0x917f1148,0x91cc0000)
Event: 7.852 GC heap after
Heap after GC invocations=4 (full 0):
 PSYoungGen      total 34048K, used 1265K [0xa9cc0000, 0xabf40000, 0xb44c0000)
  eden space 32768K, 0% used [0xa9cc0000,0xa9cc0000,0xabcc0000)
  from space 1280K, 98% used [0xabe00000,0xabf3c4f8,0xabf40000)
  to   space 1280K, 0% used [0xabcc0000,0xabcc0000,0xabe00000)
 ParOldGen       total 21504K, used 11364K [0x94cc0000, 0x961c0000, 0xa9cc0000)
  object space 21504K, 52% used [0x94cc0000,0x957d9078,0x961c0000)
 PSPermGen       total 16384K, used 11460K [0x90cc0000, 0x91cc0000, 0x94cc0000)
  object space 16384K, 69% used [0x90cc0000,0x917f1148,0x91cc0000)
}
Event: 8.828 GC heap before
{Heap before GC invocations=5 (full 0):
 PSYoungGen      total 34048K, used 34033K [0xa9cc0000, 0xabf40000, 0xb44c0000)
  eden space 32768K, 100% used [0xa9cc0000,0xabcc0000,0xabcc0000)
  from space 1280K, 98% used [0xabe00000,0xabf3c4f8,0xabf40000)
  to   space 1280K, 0% used [0xabcc0000,0xabcc0000,0xabe00000)
 ParOldGen       total 21504K, used 11364K [0x94cc0000, 0x961c0000, 0xa9cc0000)
  object space 21504K, 52% used [0x94cc0000,0x957d9078,0x961c0000)
 PSPermGen       total 18432K, used 18244K [0x90cc0000, 0x91ec0000, 0x94cc0000)
  object space 18432K, 98% used [0x90cc0000,0x91e91378,0x91ec0000)
Event: 8.843 GC heap after
Heap after GC invocations=5 (full 0):
 PSYoungGen      total 34048K, used 1271K [0xa9cc0000, 0xaf0c0000, 0xb44c0000)
  eden space 32768K, 0% used [0xa9cc0000,0xa9cc0000,0xabcc0000)
  from space 1280K, 99% used [0xabcc0000,0xabdfdce8,0xabe00000)
  to   space 10240K, 0% used [0xae6c0000,0xae6c0000,0xaf0c0000)
 ParOldGen       total 21504K, used 16456K [0x94cc0000, 0x961c0000, 0xa9cc0000)
  object space 21504K, 76% used [0x94cc0000,0x95cd22f8,0x961c0000)
 PSPermGen       total 18432K, used 18244K [0x90cc0000, 0x91ec0000, 0x94cc0000)
  object space 18432K, 98% used [0x90cc0000,0x91e91378,0x91ec0000)
}
Event: 8.843 GC heap before
{Heap before GC invocations=6 (full 1):
 PSYoungGen      total 34048K, used 1271K [0xa9cc0000, 0xaf0c0000, 0xb44c0000)
  eden space 32768K, 0% used [0xa9cc0000,0xa9cc0000,0xabcc0000)
  from space 1280K, 99% used [0xabcc0000,0xabdfdce8,0xabe00000)
  to   space 10240K, 0% used [0xae6c0000,0xae6c0000,0xaf0c0000)
 ParOldGen       total 21504K, used 16456K [0x94cc0000, 0x961c0000, 0xa9cc0000)
  object space 21504K, 76% used [0x94cc0000,0x95cd22f8,0x961c0000)
 PSPermGen       total 18432K, used 18244K [0x90cc0000, 0x91ec0000, 0x94cc0000)
  object space 18432K, 98% used [0x90cc0000,0x91e91378,0x91ec0000)
Event: 8.950 GC heap after
Heap after GC invocations=6 (full 1):
 PSYoungGen      total 34048K, used 0K [0xa9cc0000, 0xaf0c0000, 0xb44c0000)
  eden space 32768K, 0% used [0xa9cc0000,0xa9cc0000,0xabcc0000)
  from space 1280K, 0% used [0xabcc0000,0xabcc0000,0xabe00000)
  to   space 10240K, 0% used [0xae6c0000,0xae6c0000,0xaf0c0000)
 ParOldGen       total 38144K, used 17127K [0x94cc0000, 0x97200000, 0xa9cc0000)
  object space 38144K, 44% used [0x94cc0000,0x95d79ef0,0x97200000)
 PSPermGen       total 36608K, used 18237K [0x90cc0000, 0x93080000, 0x94cc0000)
  object space 36608K, 49% used [0x90cc0000,0x91e8f708,0x93080000)
}

