# JRE version: Java(TM) SE Runtime Environment (7.0_45-b18) (build 1.7.0_45-b18)
# Java VM: Java HotSpot(TM) Server VM (24.45-b08 mixed mode linux-x86 )
Heap
 PSYoungGen      total 56576K, used 36535K [0xa9cc0000, 0xae100000, 0xb44c0000)
  eden space 43520K, 68% used [0xa9cc0000,0xab9ebb30,0xac740000)
  from space 13056K, 51% used [0xad3c0000,0xada42430,0xae080000)
  to   space 12800K, 0% used [0xac740000,0xac740000,0xad3c0000)
 ParOldGen       total 38656K, used 13955K [0x94cc0000, 0x97280000, 0xa9cc0000)
  object space 38656K, 36% used [0x94cc0000,0x95a60e00,0x97280000)
 PSPermGen       total 28416K, used 28293K [0x90cc0000, 0x92880000, 0x94cc0000)
  object space 28416K, 99% used [0x90cc0000,0x92861738,0x92880000)
GC Heap History (10 events):
Event: 12.412 GC heap before
{Heap before GC invocations=5 (full 1):
 PSYoungGen      total 17664K, used 1267K [0xa9cc0000, 0xaaf40000, 0xb44c0000)
  eden space 16384K, 0% used [0xa9cc0000,0xa9cc0000,0xaacc0000)
  from space 1280K, 99% used [0xaae00000,0xaaf3ce88,0xaaf40000)
  to   space 1280K, 0% used [0xaacc0000,0xaacc0000,0xaae00000)
 ParOldGen       total 21504K, used 18468K [0x94cc0000, 0x961c0000, 0xa9cc0000)
  object space 21504K, 85% used [0x94cc0000,0x95ec90d8,0x961c0000)
 PSPermGen       total 16384K, used 11053K [0x90cc0000, 0x91cc0000, 0x94cc0000)
  object space 16384K, 67% used [0x90cc0000,0x9178b440,0x91cc0000)
Event: 12.496 GC heap after
Heap after GC invocations=5 (full 1):
 PSYoungGen      total 17664K, used 0K [0xa9cc0000, 0xaaf40000, 0xb44c0000)
  eden space 16384K, 0% used [0xa9cc0000,0xa9cc0000,0xaacc0000)
  from space 1280K, 0% used [0xaae00000,0xaae00000,0xaaf40000)
  to   space 1280K, 0% used [0xaacc0000,0xaacc0000,0xaae00000)
 ParOldGen       total 38656K, used 12552K [0x94cc0000, 0x97280000, 0xa9cc0000)
  object space 38656K, 32% used [0x94cc0000,0x95902000,0x97280000)
 PSPermGen       total 22272K, used 11049K [0x90cc0000, 0x92280000, 0x94cc0000)
  object space 22272K, 49% used [0x90cc0000,0x9178a4d8,0x92280000)
}
Event: 13.004 GC heap before
{Heap before GC invocations=6 (full 1):
 PSYoungGen      total 17664K, used 16384K [0xa9cc0000, 0xaaf40000, 0xb44c0000)
  eden space 16384K, 100% used [0xa9cc0000,0xaacc0000,0xaacc0000)
  from space 1280K, 0% used [0xaae00000,0xaae00000,0xaaf40000)
  to   space 1280K, 0% used [0xaacc0000,0xaacc0000,0xaae00000)
 ParOldGen       total 38656K, used 12552K [0x94cc0000, 0x97280000, 0xa9cc0000)
  object space 38656K, 32% used [0x94cc0000,0x95902000,0x97280000)
 PSPermGen       total 22272K, used 15356K [0x90cc0000, 0x92280000, 0x94cc0000)
  object space 22272K, 68% used [0x90cc0000,0x91bbf120,0x92280000)
Event: 13.009 GC heap after
Heap after GC invocations=6 (full 1):
 PSYoungGen      total 17664K, used 1277K [0xa9cc0000, 0xad240000, 0xb44c0000)
  eden space 16384K, 0% used [0xa9cc0000,0xa9cc0000,0xaacc0000)
  from space 1280K, 99% used [0xaacc0000,0xaadff6d8,0xaae00000)
  to   space 14592K, 0% used [0xac400000,0xac400000,0xad240000)
 ParOldGen       total 38656K, used 13955K [0x94cc0000, 0x97280000, 0xa9cc0000)
  object space 38656K, 36% used [0x94cc0000,0x95a60e00,0x97280000)
 PSPermGen       total 22272K, used 15356K [0x90cc0000, 0x92280000, 0x94cc0000)
  object space 22272K, 68% used [0x90cc0000,0x91bbf120,0x92280000)
}
Event: 13.573 GC heap before
{Heap before GC invocations=7 (full 1):
 PSYoungGen      total 17664K, used 17661K [0xa9cc0000, 0xad240000, 0xb44c0000)
  eden space 16384K, 100% used [0xa9cc0000,0xaacc0000,0xaacc0000)
  from space 1280K, 99% used [0xaacc0000,0xaadff6d8,0xaae00000)
  to   space 14592K, 0% used [0xac400000,0xac400000,0xad240000)
 ParOldGen       total 38656K, used 13955K [0x94cc0000, 0x97280000, 0xa9cc0000)
  object space 38656K, 36% used [0x94cc0000,0x95a60e00,0x97280000)
 PSPermGen       total 22272K, used 18115K [0x90cc0000, 0x92280000, 0x94cc0000)
  object space 22272K, 81% used [0x90cc0000,0x91e70fd0,0x92280000)
Event: 13.585 GC heap after
Heap after GC invocations=7 (full 1):
 PSYoungGen      total 40448K, used 3107K [0xa9cc0000, 0xad180000, 0xb44c0000)
  eden space 26624K, 0% used [0xa9cc0000,0xa9cc0000,0xab6c0000)
  from space 13824K, 22% used [0xac400000,0xac708e60,0xad180000)
  to   space 13568K, 0% used [0xab6c0000,0xab6c0000,0xac400000)
 ParOldGen       total 38656K, used 13955K [0x94cc0000, 0x97280000, 0xa9cc0000)
  object space 38656K, 36% used [0x94cc0000,0x95a60e00,0x97280000)
 PSPermGen       total 22272K, used 18115K [0x90cc0000, 0x92280000, 0x94cc0000)
  object space 22272K, 81% used [0x90cc0000,0x91e70fd0,0x92280000)
}
Event: 14.490 GC heap before
{Heap before GC invocations=8 (full 1):
 PSYoungGen      total 40448K, used 29731K [0xa9cc0000, 0xad180000, 0xb44c0000)
  eden space 26624K, 100% used [0xa9cc0000,0xab6c0000,0xab6c0000)
  from space 13824K, 22% used [0xac400000,0xac708e60,0xad180000)
  to   space 13568K, 0% used [0xab6c0000,0xab6c0000,0xac400000)
 ParOldGen       total 38656K, used 13955K [0x94cc0000, 0x97280000, 0xa9cc0000)
  object space 38656K, 36% used [0x94cc0000,0x95a60e00,0x97280000)
 PSPermGen       total 22272K, used 22019K [0x90cc0000, 0x92280000, 0x94cc0000)
  object space 22272K, 98% used [0x90cc0000,0x92240df8,0x92280000)
Event: 14.499 GC heap after
Heap after GC invocations=8 (full 1):
 PSYoungGen      total 40192K, used 6044K [0xa9cc0000, 0xae080000, 0xb44c0000)
  eden space 26624K, 0% used [0xa9cc0000,0xa9cc0000,0xab6c0000)
  from space 13568K, 44% used [0xab6c0000,0xabca7250,0xac400000)
  to   space 13056K, 0% used [0xad3c0000,0xad3c0000,0xae080000)
 ParOldGen       total 38656K, used 13955K [0x94cc0000, 0x97280000, 0xa9cc0000)
  object space 38656K, 36% used [0x94cc0000,0x95a60e00,0x97280000)
 PSPermGen       total 22272K, used 22019K [0x90cc0000, 0x92280000, 0x94cc0000)
  object space 22272K, 98% used [0x90cc0000,0x92240df8,0x92280000)
}
Event: 15.636 GC heap before
{Heap before GC invocations=9 (full 1):
 PSYoungGen      total 40192K, used 32668K [0xa9cc0000, 0xae080000, 0xb44c0000)
  eden space 26624K, 100% used [0xa9cc0000,0xab6c0000,0xab6c0000)
  from space 13568K, 44% used [0xab6c0000,0xabca7250,0xac400000)
  to   space 13056K, 0% used [0xad3c0000,0xad3c0000,0xae080000)
 ParOldGen       total 38656K, used 13955K [0x94cc0000, 0x97280000, 0xa9cc0000)
  object space 38656K, 36% used [0x94cc0000,0x95a60e00,0x97280000)
 PSPermGen       total 25088K, used 24962K [0x90cc0000, 0x92540000, 0x94cc0000)
  object space 25088K, 99% used [0x90cc0000,0x92520b68,0x92540000)
Event: 15.658 GC heap after
Heap after GC invocations=9 (full 1):
 PSYoungGen      total 56576K, used 6665K [0xa9cc0000, 0xae100000, 0xb44c0000)
  eden space 43520K, 0% used [0xa9cc0000,0xa9cc0000,0xac740000)
  from space 13056K, 51% used [0xad3c0000,0xada42430,0xae080000)
  to   space 12800K, 0% used [0xac740000,0xac740000,0xad3c0000)
 ParOldGen       total 38656K, used 13955K [0x94cc0000, 0x97280000, 0xa9cc0000)
  object space 38656K, 36% used [0x94cc0000,0x95a60e00,0x97280000)
 PSPermGen       total 25088K, used 24962K [0x90cc0000, 0x92540000, 0x94cc0000)
  object space 25088K, 99% used [0x90cc0000,0x92520b68,0x92540000)
}

